<?xml version="1.0" encoding="utf-8"?><testsuites><testsuite name="pytest" errors="0" failures="0" skipped="0" tests="46" time="1.697" timestamp="2024-12-30T16:53:35.281689+00:00" hostname="fv-az1487-293"><testcase classname="tests.net_wrapping.test_wrapped_arrays" name="test_wrapped_arrays_can_be_created" time="0.007" /><testcase classname="tests.net_wrapping.test_wrapped_arrays" name="test_wrapped_arrays_support_floats" time="0.001" /><testcase classname="tests.net_wrapping.test_wrapped_arrays" name="test_wrapped_arrays_support_strings" time="0.001" /><testcase classname="tests.net_wrapping.test_wrapped_arrays" name="test_wrapped_arrays_can_be_serialized" time="0.000" /><testcase classname="tests.net_wrapping.test_wrapped_arrays" name="test_wrapped_arrays_items_cannot_be_added" time="0.000" /><testcase classname="tests.net_wrapping.test_wrapped_arrays" name="test_wrapped_arrays_items_cannot_be_inserted" time="0.000" /><testcase classname="tests.net_wrapping.test_wrapped_arrays" name="test_wrapped_arrays_items_cannot_be_removed" time="0.000" /><testcase classname="tests.net_wrapping.test_wrapped_arrays" name="test_wrapped_arrays_cannot_be_cleared" time="0.000" /><testcase classname="tests.net_wrapping.test_wrapped_arrays" name="test_wrapped_arrays_can_use_python_indexing" time="0.001" /><testcase classname="tests.net_wrapping.test_wrapped_lists" name="test_wrapped_lists_can_be_created" time="0.008" /><testcase classname="tests.net_wrapping.test_wrapped_lists" name="test_wrapped_lists_support_floats" time="0.003" /><testcase classname="tests.net_wrapping.test_wrapped_lists" name="test_wrapped_lists_support_strings" time="0.002" /><testcase classname="tests.net_wrapping.test_wrapped_lists" name="test_wrapped_lists_can_be_serialized" time="0.001" /><testcase classname="tests.net_wrapping.test_wrapped_lists" name="test_wrapped_lists_items_can_be_added" time="0.002" /><testcase classname="tests.net_wrapping.test_wrapped_lists" name="test_wrapped_lists_items_can_be_inserted" time="0.001" /><testcase classname="tests.net_wrapping.test_wrapped_lists" name="test_wrapped_lists_items_can_be_removed" time="0.001" /><testcase classname="tests.net_wrapping.test_wrapped_lists" name="test_wrapped_lists_can_be_cleared" time="0.001" /><testcase classname="tests.net_wrapping.test_wrapped_lists" name="test_wrapped_lists_can_use_python_indexing" time="0.001" /><testcase classname="tests.raw_file_reader.test_raw_file_access" name="test_raw_file_import_fails_for_invalid_path" time="0.000" /><testcase classname="tests.raw_file_reader.test_raw_file_access" name="test_raw_file_import_fails_for_invalid_file" time="0.055" /><testcase classname="tests.raw_file_reader.test_raw_file_access" name="test_raw_file_import_succeeds_with_valid_file" time="0.016" /><testcase classname="tests.raw_file_reader.test_raw_file_access" name="test_access_to_instrument_dependent_attributes_fails_without_instrument_selection[run_header]" time="0.003" /><testcase classname="tests.raw_file_reader.test_raw_file_access" name="test_access_to_instrument_dependent_attributes_fails_without_instrument_selection[run_header_ex]" time="0.003" /><testcase classname="tests.raw_file_reader.test_raw_file_access" name="test_access_to_instrument_dependent_attributes_fails_without_instrument_selection[scan_events]" time="0.003" /><testcase classname="tests.raw_file_reader.test_raw_file_access" name="test_access_to_instrument_dependent_attributes_fails_without_instrument_selection[status_log_plottable_data]" time="0.003" /><testcase classname="tests.raw_file_reader.test_raw_file_access" name="test_attribute_available_without_instrument_selection_is_as_expected[file_header]" time="0.005" /><testcase classname="tests.raw_file_reader.test_raw_file_access" name="test_attribute_available_without_instrument_selection_is_as_expected[sample_information]" time="0.005" /><testcase classname="tests.raw_file_reader.test_raw_file_access" name="test_device_selection_works" time="0.016" /><testcase classname="tests.raw_file_reader.test_raw_file_access" name="test_instrument_dependent_attribute_matches_expected_data[run_header]" time="0.008" /><testcase classname="tests.raw_file_reader.test_raw_file_access" name="test_instrument_dependent_attribute_matches_expected_data[run_header_ex]" time="0.009" /><testcase classname="tests.raw_file_reader.test_raw_file_reader_adapter" name="test_raw_file_adapter_can_load_file" time="0.002" /><testcase classname="tests.test_raw_file" name="test_raw_file_initialization_fails_on_nonexisting_path" time="0.000" /><testcase classname="tests.test_raw_file" name="test_raw_file_initialization_fails_on_invalid_file" time="0.001" /><testcase classname="tests.test_raw_file" name="test_raw_file_initialization_succeeds_on_valid_file" time="0.024" /><testcase classname="tests.test_raw_file" name="test_raw_file_number_of_scans_matches_expected_value" time="0.012" /><testcase classname="tests.test_raw_file" name="test_raw_file_first_scan_matches_expected_value" time="0.010" /><testcase classname="tests.test_raw_file" name="test_raw_file_last_scan_matches_expected_value" time="0.009" /><testcase classname="tests.test_raw_file" name="test_raw_file_total_time_min_matches_expected_value" time="0.008" /><testcase classname="tests.test_raw_file" name="test_raw_file_ms2_filter_masses_matches_expected_value" time="0.011" /><testcase classname="tests.test_raw_file" name="test_raw_file_chromatogram_can_be_retrieved" time="0.070" /><testcase classname="tests.test_raw_file" name="test_raw_file_tic_ms2_can_be_retrieved" time="0.026" /><testcase classname="tests.test_raw_file" name="test_raw_file_scan_ms2_can_be_retrieved" time="0.022" /><testcase classname="tests.test_raw_file" name="test_raw_file_getting_scan_from_number_works_as_expected" time="0.017" /><testcase classname="tests.test_raw_file" name="test_raw_file_getting_scan_number_from_retention_time_works_as_expected" time="0.009" /><testcase classname="tests.test_raw_file" name="test_raw_file_ms2_getting_scan_number_from_retention_time_works_as_expected" time="0.010" /><testcase classname="tests.test_raw_file" name="test_raw_file_get_scan_event_str_from_scan_number_works_as_expected" time="0.010" /></testsuite></testsuites>